Script started on Sun Sep 27 21:02:52 2015
warning: could not update utmp entry
blade57(1)%  i386-gdb sum10.lnx
GDB is free software and you are welcome to distribute copies of it
 under certain conditions; type "show copying" to see the conditions.
There is absolutely no warranty for GDB; type "show warranty" for details.
GDB 4.15.1 (sparc-sun-sunos4.1.3 --target i386-linuxaout), 
Copyright 1995 Free Software Foundation, Inc...
(gdb)  tar rem /dev/remgdb5 6
Remote debugging using /dev/remgdb6
0x100100 in /groups/ulab/pcdev/lib/startup0.opc ()
(gdb) b main
Breakpoint 1 at 0x100148: file sum10c.c, line 5.
(gdb) c
Continuing.

Breakpoint 1, main () at sum10c.c:5
5         printf("sum of 10 ints is %d\n",sum10());
(gdb) b sum10
Breakpoint 2 at 0x100160
(gdb) c
Continuing.

Breakpoint 2, 0x100160 in sum10.opc () at sum10c.c:6
6       }
(gdb) where
#0  0x100160 in sum10.opc () at sum10c.c:6
#1  0x100122 in startupc () at startup.c:7
(gdb) p $pc
$1 = (void *) 0x100160
(gdb) p $sp
$2 = (void *) 0x3fffdc
(gdb) i reg
eax            0x69804  432132
ecx            0x0      0
edx            0x0      0
ebx            0x9e00   40448
esp            0x3fffdc 0x3fffdc
ebp            0x3fffe0 0x3fffe0
esi            0x90800  591872
edi            0x100fb0 1052592
eip            0x100160 0x100160
ps             0x212    530
cs             0x10     16
ss             0x18     24
ds             0x18     24
es             0x18     24
fs             0x18     24
gs             0x18     24
(gdb) x/i 4 $pc
0x100160 <sum10.opc>:   movl   $0x1,%ecx
(gdb) x/10i $pc
0x100160 <sum10.opc>:   movl   $0x1,%ecx
0x100165 <sum10.opc+5>: movl   $0x0,%eax
0x10016a <addint>:      addl   %ecx,%eax
0x10016c <addint+2>:    incl   %ecx
0x10016d <addint+3>:    cmpl   $0xa,%ecx
0x100170 <addint+6>:    jbe    0x10016a <addint>
0x100172 <addint+8>:    ret    
0x100173 <addint+9>:    nop    
0x100174 <support.opc>: int3   
0x100175 <support.opc+1>:       ret    
(gdb) x/10i $pci $pc[Ki reg[Kp $sp[Kpc[Kwhere[Kc[Kb sum10c[Kb main tar rem /dev/remgdb6(gdb) b main[Kc[Kb sum10c[Kwherep $pc[Kwhere[Kc[K si
0x100165        6       }
(gdb) x/i $pc
0x100165 <sum10.opc+5>: movl   $0x0,%eax
(gdb) i reg
eax            0x69804  432132
ecx            0x1      1
edx            0x0      0
ebx            0x9e00   40448
esp            0x3fffdc 0x3fffdc
ebp            0x3fffe0 0x3fffe0
esi            0x90800  591872
edi            0x100fb0 1052592
eip            0x100165 0x100165
ps             0x312    786
cs             0x10     16
ss             0x18     24
ds             0x18     24
es             0x18     24
fs             0x18     24
gs             0x18     24
(gdb) c
Continuing.
sum of 10 ints is 55

Program received signal SIGTRAP, Trace/breakpoint trap.
startupc () at startup.c:4
startup.c:4: No such file or directory.
(gdb) srt  et $eip = 0x100100
(gdb) c
Continuing.

Breakpoint 1, main () at sum10c.c:5
5         printf("sum of 10 ints is %d\n",sum10());
(gdb) c
Continuing.

Breakpoint 2, 0x100160 in sum10.opc () at sum10c.c:6
6       }
(gdb) c
Continuing.
sum of 10 ints is 55

Program received signal SIGTRAP, Trace/breakpoint trap.
startupc () at startup.c:4
startup.c:4: No such file or directory.
(gdb) quit
The program is running.  Quit anyway (and kill it)? (y or n) y
blade57(2)% exit
script done on Sun Sep 27 21:16:15 2015
